CreateCustomerProfileFromTransaction

Microsoft.VisualStudio.TestTools.UnitTesting.AssertFailedException: Assert.AreEqual failed. Expected:<Error>. Actual:<Ok>. 
   at Microsoft.VisualStudio.TestTools.UnitTesting.Assert.HandleFailure(String assertionName, String message)
   at Microsoft.VisualStudio.TestTools.UnitTesting.Assert.AreEqual[T](T expected, T actual, String message, Object[] parameters)
   at Microsoft.VisualStudio.TestTools.UnitTesting.Assert.AreEqual[T](T expected, T actual)
   at SampleCodeTest.TestRunner.ValidateResponse(ANetApiResponse response) in c:\Users\akankari\git\sdk-dotnet\SampleCodeTest\TestRunner.cs:line 84
   at SampleCodeTest.TestRunner.TestAllSampleCodes() in c:\Users\akankari\git\sdk-dotnet\SampleCodeTest\TestRunner.cs:line 69
CapturePreviouslyAuthorizedgetAmount

Microsoft.VisualStudio.TestTools.UnitTesting.AssertFailedException: Assert.AreEqual failed. Expected:<Error>. Actual:<Ok>. 
   at Microsoft.VisualStudio.TestTools.UnitTesting.Assert.HandleFailure(String assertionName, String message)
   at Microsoft.VisualStudio.TestTools.UnitTesting.Assert.AreEqual[T](T expected, T actual, String message, Object[] parameters)
   at Microsoft.VisualStudio.TestTools.UnitTesting.Assert.AreEqual[T](T expected, T actual)
   at SampleCodeTest.TestRunner.ValidateResponse(ANetApiResponse response) in c:\Users\akankari\git\sdk-dotnet\SampleCodeTest\TestRunner.cs:line 84
   at SampleCodeTest.TestRunner.TestAllSampleCodes() in c:\Users\akankari\git\sdk-dotnet\SampleCodeTest\TestRunner.cs:line 69
